{"C:\\Users\\aksha\\Desktop\\Tourism 2\\backend\\config\\db.js": {"path":"C:\\Users\\aksha\\Desktop\\Tourism 2\\backend\\config\\db.js","statementMap":{"0":{"start":{"line":3,"column":19},"end":{"line":8,"column":2}},"1":{"start":{"line":10,"column":0},"end":{"line":16,"column":3}},"2":{"start":{"line":11,"column":2},"end":{"line":14,"column":3}},"3":{"start":{"line":12,"column":4},"end":{"line":12,"column":60}},"4":{"start":{"line":13,"column":4},"end":{"line":13,"column":11}},"5":{"start":{"line":15,"column":2},"end":{"line":15,"column":43}}},"fnMap":{"0":{"name":"(anonymous_0)","decl":{"start":{"line":10,"column":19},"end":{"line":10,"column":20}},"loc":{"start":{"line":10,"column":28},"end":{"line":16,"column":1}},"line":10}},"branchMap":{"0":{"loc":{"start":{"line":11,"column":2},"end":{"line":14,"column":3}},"type":"if","locations":[{"start":{"line":11,"column":2},"end":{"line":14,"column":3}},{"start":{},"end":{}}],"line":11}},"s":{"0":2,"1":2,"2":0,"3":0,"4":0,"5":0},"f":{"0":0},"b":{"0":[0,0]},"_coverageSchema":"1a1c01bbd47fc00a2c39e90264f33305004495a9","hash":"d158c505a47049a196d32ca2d04566cb3bd55414"}
,"C:\\Users\\aksha\\Desktop\\Tourism 2\\backend\\controllers\\bookingController.js": {"path":"C:\\Users\\aksha\\Desktop\\Tourism 2\\backend\\controllers\\bookingController.js","statementMap":{"0":{"start":{"line":3,"column":19},"end":{"line":11,"column":1}},"1":{"start":{"line":4,"column":16},"end":{"line":4,"column":40}},"2":{"start":{"line":5,"column":2},"end":{"line":10,"column":5}},"3":{"start":{"line":6,"column":4},"end":{"line":8,"column":5}},"4":{"start":{"line":7,"column":6},"end":{"line":7,"column":64}},"5":{"start":{"line":9,"column":4},"end":{"line":9,"column":32}}},"fnMap":{"0":{"name":"(anonymous_0)","decl":{"start":{"line":3,"column":19},"end":{"line":3,"column":20}},"loc":{"start":{"line":3,"column":33},"end":{"line":11,"column":1}},"line":3},"1":{"name":"(anonymous_1)","decl":{"start":{"line":5,"column":18},"end":{"line":5,"column":19}},"loc":{"start":{"line":5,"column":36},"end":{"line":10,"column":3}},"line":5}},"branchMap":{"0":{"loc":{"start":{"line":6,"column":4},"end":{"line":8,"column":5}},"type":"if","locations":[{"start":{"line":6,"column":4},"end":{"line":8,"column":5}},{"start":{},"end":{}}],"line":6}},"s":{"0":1,"1":2,"2":2,"3":2,"4":1,"5":1},"f":{"0":2,"1":2},"b":{"0":[1,1]},"_coverageSchema":"1a1c01bbd47fc00a2c39e90264f33305004495a9","hash":"fbc10166db3d8211ffa964246e2214e792e45406"}
,"C:\\Users\\aksha\\Desktop\\Tourism 2\\backend\\controllers\\destinationsController.js": {"path":"C:\\Users\\aksha\\Desktop\\Tourism 2\\backend\\controllers\\destinationsController.js","statementMap":{"0":{"start":{"line":3,"column":33},"end":{"line":11,"column":1}},"1":{"start":{"line":4,"column":52},"end":{"line":4,"column":60}},"2":{"start":{"line":6,"column":4},"end":{"line":6,"column":90}},"3":{"start":{"line":7,"column":2},"end":{"line":10,"column":5}},"4":{"start":{"line":8,"column":4},"end":{"line":8,"column":72}},"5":{"start":{"line":8,"column":13},"end":{"line":8,"column":72}},"6":{"start":{"line":9,"column":4},"end":{"line":9,"column":62}},"7":{"start":{"line":13,"column":31},"end":{"line":31,"column":1}},"8":{"start":{"line":14,"column":16},"end":{"line":14,"column":44}},"9":{"start":{"line":15,"column":18},"end":{"line":23,"column":4}},"10":{"start":{"line":16,"column":4},"end":{"line":22,"column":7}},"11":{"start":{"line":17,"column":6},"end":{"line":21,"column":7}},"12":{"start":{"line":18,"column":8},"end":{"line":18,"column":20}},"13":{"start":{"line":20,"column":8},"end":{"line":20,"column":25}},"14":{"start":{"line":25,"column":2},"end":{"line":30,"column":3}},"15":{"start":{"line":26,"column":20},"end":{"line":26,"column":33}},"16":{"start":{"line":27,"column":4},"end":{"line":27,"column":32}},"17":{"start":{"line":29,"column":4},"end":{"line":29,"column":22}},"18":{"start":{"line":33,"column":33},"end":{"line":42,"column":1}},"19":{"start":{"line":34,"column":17},"end":{"line":34,"column":27}},"20":{"start":{"line":35,"column":52},"end":{"line":35,"column":60}},"21":{"start":{"line":37,"column":4},"end":{"line":37,"column":96}},"22":{"start":{"line":38,"column":2},"end":{"line":41,"column":5}},"23":{"start":{"line":39,"column":4},"end":{"line":39,"column":72}},"24":{"start":{"line":39,"column":13},"end":{"line":39,"column":72}},"25":{"start":{"line":40,"column":4},"end":{"line":40,"column":62}},"26":{"start":{"line":44,"column":33},"end":{"line":51,"column":1}},"27":{"start":{"line":45,"column":17},"end":{"line":45,"column":27}},"28":{"start":{"line":46,"column":16},"end":{"line":46,"column":55}},"29":{"start":{"line":47,"column":2},"end":{"line":50,"column":5}},"30":{"start":{"line":48,"column":4},"end":{"line":48,"column":72}},"31":{"start":{"line":48,"column":13},"end":{"line":48,"column":72}},"32":{"start":{"line":49,"column":4},"end":{"line":49,"column":62}}},"fnMap":{"0":{"name":"(anonymous_0)","decl":{"start":{"line":3,"column":33},"end":{"line":3,"column":34}},"loc":{"start":{"line":3,"column":47},"end":{"line":11,"column":1}},"line":3},"1":{"name":"(anonymous_1)","decl":{"start":{"line":7,"column":59},"end":{"line":7,"column":60}},"loc":{"start":{"line":7,"column":68},"end":{"line":10,"column":3}},"line":7},"2":{"name":"(anonymous_2)","decl":{"start":{"line":13,"column":31},"end":{"line":13,"column":32}},"loc":{"start":{"line":13,"column":51},"end":{"line":31,"column":1}},"line":13},"3":{"name":"(anonymous_3)","decl":{"start":{"line":15,"column":30},"end":{"line":15,"column":31}},"loc":{"start":{"line":15,"column":51},"end":{"line":23,"column":3}},"line":15},"4":{"name":"(anonymous_4)","decl":{"start":{"line":16,"column":20},"end":{"line":16,"column":21}},"loc":{"start":{"line":16,"column":38},"end":{"line":22,"column":5}},"line":16},"5":{"name":"(anonymous_5)","decl":{"start":{"line":33,"column":33},"end":{"line":33,"column":34}},"loc":{"start":{"line":33,"column":47},"end":{"line":42,"column":1}},"line":33},"6":{"name":"(anonymous_6)","decl":{"start":{"line":38,"column":63},"end":{"line":38,"column":64}},"loc":{"start":{"line":38,"column":72},"end":{"line":41,"column":3}},"line":38},"7":{"name":"(anonymous_7)","decl":{"start":{"line":44,"column":33},"end":{"line":44,"column":34}},"loc":{"start":{"line":44,"column":47},"end":{"line":51,"column":1}},"line":44},"8":{"name":"(anonymous_8)","decl":{"start":{"line":47,"column":24},"end":{"line":47,"column":25}},"loc":{"start":{"line":47,"column":33},"end":{"line":50,"column":3}},"line":47}},"branchMap":{"0":{"loc":{"start":{"line":8,"column":4},"end":{"line":8,"column":72}},"type":"if","locations":[{"start":{"line":8,"column":4},"end":{"line":8,"column":72}},{"start":{},"end":{}}],"line":8},"1":{"loc":{"start":{"line":17,"column":6},"end":{"line":21,"column":7}},"type":"if","locations":[{"start":{"line":17,"column":6},"end":{"line":21,"column":7}},{"start":{"line":19,"column":13},"end":{"line":21,"column":7}}],"line":17},"2":{"loc":{"start":{"line":39,"column":4},"end":{"line":39,"column":72}},"type":"if","locations":[{"start":{"line":39,"column":4},"end":{"line":39,"column":72}},{"start":{},"end":{}}],"line":39},"3":{"loc":{"start":{"line":48,"column":4},"end":{"line":48,"column":72}},"type":"if","locations":[{"start":{"line":48,"column":4},"end":{"line":48,"column":72}},{"start":{},"end":{}}],"line":48}},"s":{"0":1,"1":2,"2":2,"3":2,"4":2,"5":1,"6":1,"7":1,"8":2,"9":2,"10":2,"11":2,"12":1,"13":1,"14":2,"15":2,"16":1,"17":1,"18":1,"19":2,"20":2,"21":2,"22":2,"23":2,"24":1,"25":1,"26":1,"27":2,"28":2,"29":2,"30":2,"31":1,"32":1},"f":{"0":2,"1":2,"2":2,"3":2,"4":2,"5":2,"6":2,"7":2,"8":2},"b":{"0":[1,1],"1":[1,1],"2":[1,1],"3":[1,1]},"_coverageSchema":"1a1c01bbd47fc00a2c39e90264f33305004495a9","hash":"cdda39af5e5c49eaea9ee4242184bdef759c3bf2"}
,"C:\\Users\\aksha\\Desktop\\Tourism 2\\backend\\controllers\\flightsController.js": {"path":"C:\\Users\\aksha\\Desktop\\Tourism 2\\backend\\controllers\\flightsController.js","statementMap":{"0":{"start":{"line":3,"column":28},"end":{"line":29,"column":1}},"1":{"start":{"line":11,"column":6},"end":{"line":11,"column":14}},"2":{"start":{"line":13,"column":4},"end":{"line":13,"column":129}},"3":{"start":{"line":14,"column":2},"end":{"line":28,"column":4}},"4":{"start":{"line":25,"column":6},"end":{"line":25,"column":69}},"5":{"start":{"line":25,"column":15},"end":{"line":25,"column":69}},"6":{"start":{"line":26,"column":6},"end":{"line":26,"column":59}},"7":{"start":{"line":31,"column":26},"end":{"line":37,"column":1}},"8":{"start":{"line":32,"column":16},"end":{"line":32,"column":39}},"9":{"start":{"line":33,"column":2},"end":{"line":36,"column":5}},"10":{"start":{"line":34,"column":4},"end":{"line":34,"column":70}},"11":{"start":{"line":34,"column":13},"end":{"line":34,"column":70}},"12":{"start":{"line":35,"column":4},"end":{"line":35,"column":32}},"13":{"start":{"line":39,"column":28},"end":{"line":67,"column":1}},"14":{"start":{"line":40,"column":17},"end":{"line":40,"column":27}},"15":{"start":{"line":48,"column":6},"end":{"line":48,"column":14}},"16":{"start":{"line":50,"column":4},"end":{"line":50,"column":137}},"17":{"start":{"line":51,"column":2},"end":{"line":66,"column":4}},"18":{"start":{"line":63,"column":6},"end":{"line":63,"column":69}},"19":{"start":{"line":63,"column":15},"end":{"line":63,"column":69}},"20":{"start":{"line":64,"column":6},"end":{"line":64,"column":59}},"21":{"start":{"line":69,"column":28},"end":{"line":76,"column":1}},"22":{"start":{"line":70,"column":17},"end":{"line":70,"column":27}},"23":{"start":{"line":71,"column":16},"end":{"line":71,"column":50}},"24":{"start":{"line":72,"column":2},"end":{"line":75,"column":5}},"25":{"start":{"line":73,"column":4},"end":{"line":73,"column":67}},"26":{"start":{"line":73,"column":13},"end":{"line":73,"column":67}},"27":{"start":{"line":74,"column":4},"end":{"line":74,"column":57}}},"fnMap":{"0":{"name":"(anonymous_0)","decl":{"start":{"line":3,"column":28},"end":{"line":3,"column":29}},"loc":{"start":{"line":3,"column":42},"end":{"line":29,"column":1}},"line":3},"1":{"name":"(anonymous_1)","decl":{"start":{"line":24,"column":4},"end":{"line":24,"column":5}},"loc":{"start":{"line":24,"column":13},"end":{"line":27,"column":5}},"line":24},"2":{"name":"(anonymous_2)","decl":{"start":{"line":31,"column":26},"end":{"line":31,"column":27}},"loc":{"start":{"line":31,"column":40},"end":{"line":37,"column":1}},"line":31},"3":{"name":"(anonymous_3)","decl":{"start":{"line":33,"column":18},"end":{"line":33,"column":19}},"loc":{"start":{"line":33,"column":36},"end":{"line":36,"column":3}},"line":33},"4":{"name":"(anonymous_4)","decl":{"start":{"line":39,"column":28},"end":{"line":39,"column":29}},"loc":{"start":{"line":39,"column":42},"end":{"line":67,"column":1}},"line":39},"5":{"name":"(anonymous_5)","decl":{"start":{"line":62,"column":4},"end":{"line":62,"column":5}},"loc":{"start":{"line":62,"column":13},"end":{"line":65,"column":5}},"line":62},"6":{"name":"(anonymous_6)","decl":{"start":{"line":69,"column":28},"end":{"line":69,"column":29}},"loc":{"start":{"line":69,"column":42},"end":{"line":76,"column":1}},"line":69},"7":{"name":"(anonymous_7)","decl":{"start":{"line":72,"column":24},"end":{"line":72,"column":25}},"loc":{"start":{"line":72,"column":33},"end":{"line":75,"column":3}},"line":72}},"branchMap":{"0":{"loc":{"start":{"line":25,"column":6},"end":{"line":25,"column":69}},"type":"if","locations":[{"start":{"line":25,"column":6},"end":{"line":25,"column":69}},{"start":{},"end":{}}],"line":25},"1":{"loc":{"start":{"line":34,"column":4},"end":{"line":34,"column":70}},"type":"if","locations":[{"start":{"line":34,"column":4},"end":{"line":34,"column":70}},{"start":{},"end":{}}],"line":34},"2":{"loc":{"start":{"line":63,"column":6},"end":{"line":63,"column":69}},"type":"if","locations":[{"start":{"line":63,"column":6},"end":{"line":63,"column":69}},{"start":{},"end":{}}],"line":63},"3":{"loc":{"start":{"line":73,"column":4},"end":{"line":73,"column":67}},"type":"if","locations":[{"start":{"line":73,"column":4},"end":{"line":73,"column":67}},{"start":{},"end":{}}],"line":73}},"s":{"0":1,"1":2,"2":2,"3":2,"4":2,"5":1,"6":1,"7":1,"8":2,"9":2,"10":2,"11":1,"12":1,"13":1,"14":2,"15":2,"16":2,"17":2,"18":2,"19":1,"20":1,"21":1,"22":2,"23":2,"24":2,"25":2,"26":1,"27":1},"f":{"0":2,"1":2,"2":2,"3":2,"4":2,"5":2,"6":2,"7":2},"b":{"0":[1,1],"1":[1,1],"2":[1,1],"3":[1,1]},"_coverageSchema":"1a1c01bbd47fc00a2c39e90264f33305004495a9","hash":"2500c37d713178b49b09fc495cbb8a63c42cae27"}
,"C:\\Users\\aksha\\Desktop\\Tourism 2\\backend\\controllers\\hotelsController.js": {"path":"C:\\Users\\aksha\\Desktop\\Tourism 2\\backend\\controllers\\hotelsController.js","statementMap":{"0":{"start":{"line":3,"column":24},"end":{"line":9,"column":1}},"1":{"start":{"line":4,"column":16},"end":{"line":4,"column":38}},"2":{"start":{"line":5,"column":2},"end":{"line":8,"column":5}},"3":{"start":{"line":6,"column":4},"end":{"line":6,"column":69}},"4":{"start":{"line":6,"column":13},"end":{"line":6,"column":69}},"5":{"start":{"line":7,"column":4},"end":{"line":7,"column":32}},"6":{"start":{"line":11,"column":27},"end":{"line":23,"column":1}},"7":{"start":{"line":12,"column":67},"end":{"line":12,"column":75}},"8":{"start":{"line":14,"column":4},"end":{"line":14,"column":102}},"9":{"start":{"line":15,"column":2},"end":{"line":22,"column":4}},"10":{"start":{"line":19,"column":6},"end":{"line":19,"column":68}},"11":{"start":{"line":19,"column":15},"end":{"line":19,"column":68}},"12":{"start":{"line":20,"column":6},"end":{"line":20,"column":58}},"13":{"start":{"line":25,"column":27},"end":{"line":38,"column":1}},"14":{"start":{"line":26,"column":17},"end":{"line":26,"column":27}},"15":{"start":{"line":27,"column":63},"end":{"line":27,"column":71}},"16":{"start":{"line":29,"column":4},"end":{"line":29,"column":101}},"17":{"start":{"line":30,"column":2},"end":{"line":37,"column":4}},"18":{"start":{"line":34,"column":6},"end":{"line":34,"column":68}},"19":{"start":{"line":34,"column":15},"end":{"line":34,"column":68}},"20":{"start":{"line":35,"column":6},"end":{"line":35,"column":58}},"21":{"start":{"line":40,"column":27},"end":{"line":47,"column":1}},"22":{"start":{"line":41,"column":17},"end":{"line":41,"column":27}},"23":{"start":{"line":42,"column":16},"end":{"line":42,"column":49}},"24":{"start":{"line":43,"column":2},"end":{"line":46,"column":5}},"25":{"start":{"line":44,"column":4},"end":{"line":44,"column":66}},"26":{"start":{"line":44,"column":13},"end":{"line":44,"column":66}},"27":{"start":{"line":45,"column":4},"end":{"line":45,"column":56}}},"fnMap":{"0":{"name":"(anonymous_0)","decl":{"start":{"line":3,"column":24},"end":{"line":3,"column":25}},"loc":{"start":{"line":3,"column":38},"end":{"line":9,"column":1}},"line":3},"1":{"name":"(anonymous_1)","decl":{"start":{"line":5,"column":18},"end":{"line":5,"column":19}},"loc":{"start":{"line":5,"column":36},"end":{"line":8,"column":3}},"line":5},"2":{"name":"(anonymous_2)","decl":{"start":{"line":11,"column":27},"end":{"line":11,"column":28}},"loc":{"start":{"line":11,"column":41},"end":{"line":23,"column":1}},"line":11},"3":{"name":"(anonymous_3)","decl":{"start":{"line":18,"column":4},"end":{"line":18,"column":5}},"loc":{"start":{"line":18,"column":13},"end":{"line":21,"column":5}},"line":18},"4":{"name":"(anonymous_4)","decl":{"start":{"line":25,"column":27},"end":{"line":25,"column":28}},"loc":{"start":{"line":25,"column":41},"end":{"line":38,"column":1}},"line":25},"5":{"name":"(anonymous_5)","decl":{"start":{"line":33,"column":4},"end":{"line":33,"column":5}},"loc":{"start":{"line":33,"column":13},"end":{"line":36,"column":5}},"line":33},"6":{"name":"(anonymous_6)","decl":{"start":{"line":40,"column":27},"end":{"line":40,"column":28}},"loc":{"start":{"line":40,"column":41},"end":{"line":47,"column":1}},"line":40},"7":{"name":"(anonymous_7)","decl":{"start":{"line":43,"column":24},"end":{"line":43,"column":25}},"loc":{"start":{"line":43,"column":33},"end":{"line":46,"column":3}},"line":43}},"branchMap":{"0":{"loc":{"start":{"line":6,"column":4},"end":{"line":6,"column":69}},"type":"if","locations":[{"start":{"line":6,"column":4},"end":{"line":6,"column":69}},{"start":{},"end":{}}],"line":6},"1":{"loc":{"start":{"line":19,"column":6},"end":{"line":19,"column":68}},"type":"if","locations":[{"start":{"line":19,"column":6},"end":{"line":19,"column":68}},{"start":{},"end":{}}],"line":19},"2":{"loc":{"start":{"line":34,"column":6},"end":{"line":34,"column":68}},"type":"if","locations":[{"start":{"line":34,"column":6},"end":{"line":34,"column":68}},{"start":{},"end":{}}],"line":34},"3":{"loc":{"start":{"line":44,"column":4},"end":{"line":44,"column":66}},"type":"if","locations":[{"start":{"line":44,"column":4},"end":{"line":44,"column":66}},{"start":{},"end":{}}],"line":44}},"s":{"0":1,"1":2,"2":2,"3":2,"4":1,"5":1,"6":1,"7":2,"8":2,"9":2,"10":2,"11":1,"12":1,"13":1,"14":2,"15":2,"16":2,"17":2,"18":2,"19":1,"20":1,"21":1,"22":2,"23":2,"24":2,"25":2,"26":1,"27":1},"f":{"0":2,"1":2,"2":2,"3":2,"4":2,"5":2,"6":2,"7":2},"b":{"0":[1,1],"1":[1,1],"2":[1,1],"3":[1,1]},"_coverageSchema":"1a1c01bbd47fc00a2c39e90264f33305004495a9","hash":"93a2ffdc0b8f32f9093ab09ef4af8e8b639e8727"}
,"C:\\Users\\aksha\\Desktop\\Tourism 2\\backend\\controllers\\paymentController.js": {"path":"C:\\Users\\aksha\\Desktop\\Tourism 2\\backend\\controllers\\paymentController.js","statementMap":{"0":{"start":{"line":3,"column":29},"end":{"line":10,"column":1}},"1":{"start":{"line":4,"column":71},"end":{"line":4,"column":79}},"2":{"start":{"line":5,"column":16},"end":{"line":5,"column":117}},"3":{"start":{"line":6,"column":2},"end":{"line":9,"column":5}},"4":{"start":{"line":7,"column":4},"end":{"line":7,"column":68}},"5":{"start":{"line":7,"column":13},"end":{"line":7,"column":68}},"6":{"start":{"line":8,"column":4},"end":{"line":8,"column":58}},"7":{"start":{"line":12,"column":27},"end":{"line":18,"column":1}},"8":{"start":{"line":13,"column":16},"end":{"line":13,"column":40}},"9":{"start":{"line":14,"column":2},"end":{"line":17,"column":5}},"10":{"start":{"line":15,"column":4},"end":{"line":15,"column":71}},"11":{"start":{"line":15,"column":13},"end":{"line":15,"column":71}},"12":{"start":{"line":16,"column":4},"end":{"line":16,"column":32}},"13":{"start":{"line":20,"column":29},"end":{"line":28,"column":1}},"14":{"start":{"line":21,"column":17},"end":{"line":21,"column":27}},"15":{"start":{"line":22,"column":71},"end":{"line":22,"column":79}},"16":{"start":{"line":23,"column":16},"end":{"line":23,"column":123}},"17":{"start":{"line":24,"column":2},"end":{"line":27,"column":5}},"18":{"start":{"line":25,"column":4},"end":{"line":25,"column":68}},"19":{"start":{"line":25,"column":13},"end":{"line":25,"column":68}},"20":{"start":{"line":26,"column":4},"end":{"line":26,"column":58}},"21":{"start":{"line":30,"column":29},"end":{"line":37,"column":1}},"22":{"start":{"line":31,"column":17},"end":{"line":31,"column":27}},"23":{"start":{"line":32,"column":16},"end":{"line":32,"column":51}},"24":{"start":{"line":33,"column":2},"end":{"line":36,"column":5}},"25":{"start":{"line":34,"column":4},"end":{"line":34,"column":68}},"26":{"start":{"line":34,"column":13},"end":{"line":34,"column":68}},"27":{"start":{"line":35,"column":4},"end":{"line":35,"column":58}}},"fnMap":{"0":{"name":"(anonymous_0)","decl":{"start":{"line":3,"column":29},"end":{"line":3,"column":30}},"loc":{"start":{"line":3,"column":43},"end":{"line":10,"column":1}},"line":3},"1":{"name":"(anonymous_1)","decl":{"start":{"line":6,"column":78},"end":{"line":6,"column":79}},"loc":{"start":{"line":6,"column":87},"end":{"line":9,"column":3}},"line":6},"2":{"name":"(anonymous_2)","decl":{"start":{"line":12,"column":27},"end":{"line":12,"column":28}},"loc":{"start":{"line":12,"column":41},"end":{"line":18,"column":1}},"line":12},"3":{"name":"(anonymous_3)","decl":{"start":{"line":14,"column":18},"end":{"line":14,"column":19}},"loc":{"start":{"line":14,"column":36},"end":{"line":17,"column":3}},"line":14},"4":{"name":"(anonymous_4)","decl":{"start":{"line":20,"column":29},"end":{"line":20,"column":30}},"loc":{"start":{"line":20,"column":43},"end":{"line":28,"column":1}},"line":20},"5":{"name":"(anonymous_5)","decl":{"start":{"line":24,"column":82},"end":{"line":24,"column":83}},"loc":{"start":{"line":24,"column":91},"end":{"line":27,"column":3}},"line":24},"6":{"name":"(anonymous_6)","decl":{"start":{"line":30,"column":29},"end":{"line":30,"column":30}},"loc":{"start":{"line":30,"column":43},"end":{"line":37,"column":1}},"line":30},"7":{"name":"(anonymous_7)","decl":{"start":{"line":33,"column":24},"end":{"line":33,"column":25}},"loc":{"start":{"line":33,"column":33},"end":{"line":36,"column":3}},"line":33}},"branchMap":{"0":{"loc":{"start":{"line":7,"column":4},"end":{"line":7,"column":68}},"type":"if","locations":[{"start":{"line":7,"column":4},"end":{"line":7,"column":68}},{"start":{},"end":{}}],"line":7},"1":{"loc":{"start":{"line":15,"column":4},"end":{"line":15,"column":71}},"type":"if","locations":[{"start":{"line":15,"column":4},"end":{"line":15,"column":71}},{"start":{},"end":{}}],"line":15},"2":{"loc":{"start":{"line":25,"column":4},"end":{"line":25,"column":68}},"type":"if","locations":[{"start":{"line":25,"column":4},"end":{"line":25,"column":68}},{"start":{},"end":{}}],"line":25},"3":{"loc":{"start":{"line":34,"column":4},"end":{"line":34,"column":68}},"type":"if","locations":[{"start":{"line":34,"column":4},"end":{"line":34,"column":68}},{"start":{},"end":{}}],"line":34}},"s":{"0":1,"1":2,"2":2,"3":2,"4":2,"5":1,"6":1,"7":1,"8":2,"9":2,"10":2,"11":1,"12":1,"13":1,"14":2,"15":2,"16":2,"17":2,"18":2,"19":1,"20":1,"21":1,"22":2,"23":2,"24":2,"25":2,"26":1,"27":1},"f":{"0":2,"1":2,"2":2,"3":2,"4":2,"5":2,"6":2,"7":2},"b":{"0":[1,1],"1":[1,1],"2":[1,1],"3":[1,1]},"_coverageSchema":"1a1c01bbd47fc00a2c39e90264f33305004495a9","hash":"bbb81fc21a8b07f87d305dc2aeea7bbda1b6f186"}
}
